2021-08-15 17:12:48.320  INFO 15519 --- [main] c.h.a.c.CustomScannersServiceApplication : Starting CustomScannersServiceApplication on Guilhermes-MacBook-Pro.local with PID 15519 (/Users/guik/.vscode/extensions/hcltechnologies.hclappscancodesweep-1.1.4/lib/custom-scanners-service-1.0.11.jar started by guik in /Users/guik/Documents/Faculdade/crud_react)
2021-08-15 17:12:48.333  INFO 15519 --- [main] c.h.a.c.CustomScannersServiceApplication : No active profile set, falling back to default profiles: default
2021-08-15 17:12:50.698  INFO 15519 --- [main] o.s.b.w.embedded.tomcat.TomcatWebServer  : Tomcat initialized with port(s): 9221 (http)
2021-08-15 17:12:50.710  INFO 15519 --- [main] o.apache.catalina.core.StandardService   : Starting service [Tomcat]
2021-08-15 17:12:50.711  INFO 15519 --- [main] org.apache.catalina.core.StandardEngine  : Starting Servlet engine: [Apache Tomcat/9.0.29]
2021-08-15 17:12:50.796  INFO 15519 --- [main] o.a.c.c.C.[Tomcat].[localhost].[/]       : Initializing Spring embedded WebApplicationContext
2021-08-15 17:12:50.797 DEBUG 15519 --- [main] o.s.web.context.ContextLoader            : Published root WebApplicationContext as ServletContext attribute with name [org.springframework.web.context.WebApplicationContext.ROOT]
2021-08-15 17:12:50.797  INFO 15519 --- [main] o.s.web.context.ContextLoader            : Root WebApplicationContext: initialization completed in 2355 ms
2021-08-15 17:12:50.974 DEBUG 15519 --- [main] o.s.b.w.s.ServletContextInitializerBeans : Mapping filters: filterRegistrationBean urls=[/*] order=-2147483647, characterEncodingFilter urls=[/*] order=-2147483648, formContentFilter urls=[/*] order=-9900, requestContextFilter urls=[/*] order=-105
2021-08-15 17:12:50.975 DEBUG 15519 --- [main] o.s.b.w.s.ServletContextInitializerBeans : Mapping servlets: dispatcherServlet urls=[/]
2021-08-15 17:12:52.430 DEBUG 15519 --- [main] s.w.s.m.m.a.RequestMappingHandlerMapping : 19 mappings in 'requestMappingHandlerMapping'
2021-08-15 17:12:52.478  INFO 15519 --- [main] o.s.b.a.e.web.EndpointLinksResolver      : Exposing 2 endpoint(s) beneath base path '/actuator'
2021-08-15 17:12:52.566  INFO 15519 --- [main] pertySourcedRequestMappingHandlerMapping : Mapped URL path [/v2/api-docs] onto method [springfox.documentation.swagger2.web.Swagger2Controller#getDocumentation(String, HttpServletRequest)]
2021-08-15 17:12:52.667  INFO 15519 --- [main] o.s.s.concurrent.ThreadPoolTaskExecutor  : Initializing ExecutorService 'applicationTaskExecutor'
2021-08-15 17:12:52.692 DEBUG 15519 --- [main] s.w.s.m.m.a.RequestMappingHandlerAdapter : ControllerAdvice beans: 0 @ModelAttribute, 0 @InitBinder, 1 RequestBodyAdvice, 1 ResponseBodyAdvice
2021-08-15 17:12:52.845 DEBUG 15519 --- [main] o.s.w.s.handler.SimpleUrlHandlerMapping  : Patterns [/webjars/**, /**] in 'resourceHandlerMapping'
2021-08-15 17:12:52.854 DEBUG 15519 --- [main] .m.m.a.ExceptionHandlerExceptionResolver : ControllerAdvice beans: 1 @ExceptionHandler, 1 ResponseBodyAdvice
2021-08-15 17:12:52.914  INFO 15519 --- [main] d.s.w.p.DocumentationPluginsBootstrapper : Context refreshed
2021-08-15 17:12:52.948  INFO 15519 --- [main] d.s.w.p.DocumentationPluginsBootstrapper : Found 1 custom documentation plugin(s)
2021-08-15 17:12:52.990  INFO 15519 --- [main] s.d.s.w.s.ApiListingReferenceScanner     : Scanning for api listing references
2021-08-15 17:12:53.384  INFO 15519 --- [main] o.s.b.w.embedded.tomcat.TomcatWebServer  : Tomcat started on port(s): 9221 (http) with context path ''
2021-08-15 17:12:53.387  INFO 15519 --- [main] c.h.a.c.CustomScannersServiceApplication : Started CustomScannersServiceApplication in 10.95 seconds (JVM running for 12.322)
2021-08-15 17:12:53.498  INFO 15519 --- [http-nio-9221-exec-1] o.a.c.c.C.[Tomcat].[localhost].[/]       : Initializing Spring DispatcherServlet 'dispatcherServlet'
2021-08-15 17:12:53.499  INFO 15519 --- [http-nio-9221-exec-1] o.s.web.servlet.DispatcherServlet        : Initializing Servlet 'dispatcherServlet'
2021-08-15 17:12:53.500 DEBUG 15519 --- [http-nio-9221-exec-1] o.s.web.servlet.DispatcherServlet        : Detected StandardServletMultipartResolver
2021-08-15 17:12:53.508 DEBUG 15519 --- [http-nio-9221-exec-1] o.s.web.servlet.DispatcherServlet        : enableLoggingRequestDetails='false': request parameters and headers will be masked to prevent unsafe logging of potentially sensitive data
2021-08-15 17:12:53.509  INFO 15519 --- [http-nio-9221-exec-1] o.s.web.servlet.DispatcherServlet        : Completed initialization in 10 ms
2021-08-15 17:12:53.520 DEBUG 15519 --- [http-nio-9221-exec-1] o.s.web.servlet.DispatcherServlet        : GET "/v1/scanRules", parameters={}
2021-08-15 17:12:53.530 DEBUG 15519 --- [http-nio-9221-exec-1] s.w.s.m.m.a.RequestMappingHandlerMapping : Mapped to com.hcl.appscan.customscannersservice.controller.CustomScannersController#getScanRules(String[])
2021-08-15 17:12:53.560 DEBUG 15519 --- [http-nio-9221-exec-1] o.s.w.s.m.m.a.HttpEntityMethodProcessor  : Using 'application/json', given [application/json] and supported [application/json]
2021-08-15 17:12:53.570 DEBUG 15519 --- [http-nio-9221-exec-1] o.s.w.s.m.m.a.HttpEntityMethodProcessor  : Writing [{Golang={com.ouncelabs.languagelite.golang.rules.CommMisconfig=CustomScannersServiceScanRule{ruleNam (truncated)...]
2021-08-15 17:12:53.621 DEBUG 15519 --- [http-nio-9221-exec-1] o.s.web.servlet.DispatcherServlet        : Completed 200 OK
2021-08-15 17:14:44.986  INFO 16293 --- [main] c.h.a.c.CustomScannersServiceApplication : Starting CustomScannersServiceApplication on Guilhermes-MacBook-Pro.local with PID 16293 (/Users/guik/.vscode/extensions/hcltechnologies.hclappscancodesweep-1.1.4/lib/custom-scanners-service-1.0.11.jar started by guik in /Users/guik/Documents/Faculdade/crud_react)
2021-08-15 17:14:44.991  INFO 16293 --- [main] c.h.a.c.CustomScannersServiceApplication : No active profile set, falling back to default profiles: default
2021-08-15 17:14:46.787  INFO 16293 --- [main] o.s.b.w.embedded.tomcat.TomcatWebServer  : Tomcat initialized with port(s): 9221 (http)
2021-08-15 17:14:46.799  INFO 16293 --- [main] o.apache.catalina.core.StandardService   : Starting service [Tomcat]
2021-08-15 17:14:46.799  INFO 16293 --- [main] org.apache.catalina.core.StandardEngine  : Starting Servlet engine: [Apache Tomcat/9.0.29]
2021-08-15 17:14:46.858  INFO 16293 --- [main] o.a.c.c.C.[Tomcat].[localhost].[/]       : Initializing Spring embedded WebApplicationContext
2021-08-15 17:14:46.858 DEBUG 16293 --- [main] o.s.web.context.ContextLoader            : Published root WebApplicationContext as ServletContext attribute with name [org.springframework.web.context.WebApplicationContext.ROOT]
2021-08-15 17:14:46.859  INFO 16293 --- [main] o.s.web.context.ContextLoader            : Root WebApplicationContext: initialization completed in 1768 ms
2021-08-15 17:14:47.033 DEBUG 16293 --- [main] o.s.b.w.s.ServletContextInitializerBeans : Mapping filters: filterRegistrationBean urls=[/*] order=-2147483647, characterEncodingFilter urls=[/*] order=-2147483648, formContentFilter urls=[/*] order=-9900, requestContextFilter urls=[/*] order=-105
2021-08-15 17:14:47.033 DEBUG 16293 --- [main] o.s.b.w.s.ServletContextInitializerBeans : Mapping servlets: dispatcherServlet urls=[/]
2021-08-15 17:14:48.357 DEBUG 16293 --- [main] s.w.s.m.m.a.RequestMappingHandlerMapping : 19 mappings in 'requestMappingHandlerMapping'
2021-08-15 17:14:48.394  INFO 16293 --- [main] o.s.b.a.e.web.EndpointLinksResolver      : Exposing 2 endpoint(s) beneath base path '/actuator'
2021-08-15 17:14:48.456  INFO 16293 --- [main] pertySourcedRequestMappingHandlerMapping : Mapped URL path [/v2/api-docs] onto method [springfox.documentation.swagger2.web.Swagger2Controller#getDocumentation(String, HttpServletRequest)]
2021-08-15 17:14:48.550  INFO 16293 --- [main] o.s.s.concurrent.ThreadPoolTaskExecutor  : Initializing ExecutorService 'applicationTaskExecutor'
2021-08-15 17:14:48.576 DEBUG 16293 --- [main] s.w.s.m.m.a.RequestMappingHandlerAdapter : ControllerAdvice beans: 0 @ModelAttribute, 0 @InitBinder, 1 RequestBodyAdvice, 1 ResponseBodyAdvice
2021-08-15 17:14:48.702 DEBUG 16293 --- [main] o.s.w.s.handler.SimpleUrlHandlerMapping  : Patterns [/webjars/**, /**] in 'resourceHandlerMapping'
2021-08-15 17:14:48.709 DEBUG 16293 --- [main] .m.m.a.ExceptionHandlerExceptionResolver : ControllerAdvice beans: 1 @ExceptionHandler, 1 ResponseBodyAdvice
2021-08-15 17:14:48.753  INFO 16293 --- [main] d.s.w.p.DocumentationPluginsBootstrapper : Context refreshed
2021-08-15 17:14:48.775  INFO 16293 --- [main] d.s.w.p.DocumentationPluginsBootstrapper : Found 1 custom documentation plugin(s)
2021-08-15 17:14:48.803  INFO 16293 --- [main] s.d.s.w.s.ApiListingReferenceScanner     : Scanning for api listing references
2021-08-15 17:14:49.121  INFO 16293 --- [main] o.s.b.w.embedded.tomcat.TomcatWebServer  : Tomcat started on port(s): 9221 (http) with context path ''
2021-08-15 17:14:49.127  INFO 16293 --- [main] c.h.a.c.CustomScannersServiceApplication : Started CustomScannersServiceApplication in 10.04 seconds (JVM running for 11.204)
2021-08-15 17:14:49.223  INFO 16293 --- [http-nio-9221-exec-1] o.a.c.c.C.[Tomcat].[localhost].[/]       : Initializing Spring DispatcherServlet 'dispatcherServlet'
2021-08-15 17:14:49.223  INFO 16293 --- [http-nio-9221-exec-1] o.s.web.servlet.DispatcherServlet        : Initializing Servlet 'dispatcherServlet'
2021-08-15 17:14:49.224 DEBUG 16293 --- [http-nio-9221-exec-1] o.s.web.servlet.DispatcherServlet        : Detected StandardServletMultipartResolver
2021-08-15 17:14:49.231 DEBUG 16293 --- [http-nio-9221-exec-1] o.s.web.servlet.DispatcherServlet        : enableLoggingRequestDetails='false': request parameters and headers will be masked to prevent unsafe logging of potentially sensitive data
2021-08-15 17:14:49.232  INFO 16293 --- [http-nio-9221-exec-1] o.s.web.servlet.DispatcherServlet        : Completed initialization in 8 ms
2021-08-15 17:14:49.245 DEBUG 16293 --- [http-nio-9221-exec-1] o.s.web.servlet.DispatcherServlet        : GET "/v1/scanRules", parameters={}
2021-08-15 17:14:49.252 DEBUG 16293 --- [http-nio-9221-exec-1] s.w.s.m.m.a.RequestMappingHandlerMapping : Mapped to com.hcl.appscan.customscannersservice.controller.CustomScannersController#getScanRules(String[])
2021-08-15 17:14:49.275 DEBUG 16293 --- [http-nio-9221-exec-1] o.s.w.s.m.m.a.HttpEntityMethodProcessor  : Using 'application/json', given [application/json] and supported [application/json]
2021-08-15 17:14:49.283 DEBUG 16293 --- [http-nio-9221-exec-1] o.s.w.s.m.m.a.HttpEntityMethodProcessor  : Writing [{Golang={com.ouncelabs.languagelite.golang.rules.WeakCryptoGolang=CustomScannersServiceScanRule{rule (truncated)...]
2021-08-15 17:14:49.323 DEBUG 16293 --- [http-nio-9221-exec-1] o.s.web.servlet.DispatcherServlet        : Completed 200 OK
